<?xml version="1.0" encoding="UTF-8" ?>
<!DOCTYPE mapper
        PUBLIC "-//mybatis.org//DTD Mapper 3.0//EN"
        "http://mybatis.org/dtd/mybatis-3-mapper.dtd">

<mapper namespace="com.example.demo.test.dao.TestDao">
    <select id="getUsers" resultType="UserVo">
		SELECT * FROM TEST
	</select>
    <select id="getUser" parameterType="UserDto" resultType="UserVo">
		SELECT * FROM TEST
		WHERE 1=1
		<if test="id != null and id != ''">
			AND ID = #{id}
		</if>
		<if test="name != null and name != ''">
			AND NAME LIKE '%' || #{name} || '%'
		</if>
	</select>
</mapper>
